This is pdfTeX, Version 3.141592653-2.6-1.40.24 (TeX Live 2022/Arch Linux) (preloaded format=pdflatex 2022.5.16)  14 JUN 2022 17:31
entering extended mode
 restricted \write18 enabled.
 %&-line parsing enabled.
**main.tex
(./main.tex
LaTeX2e <2021-11-15> patch level 1
L3 programming layer <2022-04-10>
(/usr/share/texmf-dist/tex/latex/extsizes/extreport.cls
Document Class: extreport 1996/10/08 v1.0 Non Standard LaTeX document class
(/usr/share/texmf-dist/tex/latex/base/size12.clo
File: size12.clo 2021/10/04 v1.4n Standard LaTeX file (size option)
)
(/usr/share/texmf-dist/tex/latex/base/exscale.sty
Package: exscale 2018/09/24 v2.1i Standard LaTeX package exscale
LaTeX Font Info:    Redeclaring symbol font `largesymbols' on input line 57.
LaTeX Font Info:    Overwriting symbol font `largesymbols' in version `normal'
(Font)                  OMX/cmex/m/n --> OMX/cmex/m/n on input line 57.
LaTeX Font Info:    Overwriting symbol font `largesymbols' in version `bold'
(Font)                  OMX/cmex/m/n --> OMX/cmex/m/n on input line 57.
\big@size=\dimen138
)
\c@part=\count185
\c@chapter=\count186
\c@section=\count187
\c@subsection=\count188
\c@subsubsection=\count189
\c@paragraph=\count190
\c@subparagraph=\count191
\c@figure=\count192
\c@table=\count193
\abovecaptionskip=\skip47
\belowcaptionskip=\skip48
\bibindent=\dimen139
)
(/usr/share/texmf-dist/tex/latex/base/inputenc.sty
Package: inputenc 2021/02/14 v1.3d Input encoding file
\inpenc@prehook=\toks16
\inpenc@posthook=\toks17
)
(/usr/share/texmf-dist/tex/generic/babel/babel.sty
Package: babel 2022/02/26 3.73 The Babel package
\babel@savecnt=\count194
\U@D=\dimen140
\l@unhyphenated=\language87

(/usr/share/texmf-dist/tex/generic/babel/txtbabel.def)
\bbl@readstream=\read2
\bbl@dirlevel=\count195

(/usr/share/texmf-dist/tex/generic/babel-russian/russianb.ldf
File: russianb.ldf 2021/01/10 1.3m Russian support for the Babel system
Language: russian 2020/09/09 1.3k Russian support for the Babel system


Package babel Warning: No Cyrillic font encoding has been loaded so far.
(babel)                A font encoding should be declared before babel.
(babel)                Default `T2A' encoding will be loaded  on input line 78.


(/usr/share/texmf-dist/tex/latex/cyrillic/t2aenc.def
File: t2aenc.def 2005/09/27 v1.0i Cyrillic encoding definition file
Now handling font encoding T2A ...
... processing UTF-8 mapping file for font encoding T2A

(/usr/share/texmf-dist/tex/latex/base/t2aenc.dfu
File: t2aenc.dfu 2021/06/21 v1.2n UTF-8 support
   defining Unicode char U+00A4 (decimal 164)
   defining Unicode char U+00A7 (decimal 167)
   defining Unicode char U+00AB (decimal 171)
   defining Unicode char U+00BB (decimal 187)
   defining Unicode char U+0131 (decimal 305)
   defining Unicode char U+0237 (decimal 567)
   defining Unicode char U+0400 (decimal 1024)
   defining Unicode char U+0401 (decimal 1025)
   defining Unicode char U+0402 (decimal 1026)
   defining Unicode char U+0403 (decimal 1027)
   defining Unicode char U+0404 (decimal 1028)
   defining Unicode char U+0405 (decimal 1029)
   defining Unicode char U+0406 (decimal 1030)
   defining Unicode char U+0407 (decimal 1031)
   defining Unicode char U+0408 (decimal 1032)
   defining Unicode char U+0409 (decimal 1033)
   defining Unicode char U+040A (decimal 1034)
   defining Unicode char U+040B (decimal 1035)
   defining Unicode char U+040C (decimal 1036)
   defining Unicode char U+040D (decimal 1037)
   defining Unicode char U+040E (decimal 1038)
   defining Unicode char U+040F (decimal 1039)
   defining Unicode char U+0410 (decimal 1040)
   defining Unicode char U+0411 (decimal 1041)
   defining Unicode char U+0412 (decimal 1042)
   defining Unicode char U+0413 (decimal 1043)
   defining Unicode char U+0414 (decimal 1044)
   defining Unicode char U+0415 (decimal 1045)
   defining Unicode char U+0416 (decimal 1046)
   defining Unicode char U+0417 (decimal 1047)
   defining Unicode char U+0418 (decimal 1048)
   defining Unicode char U+0419 (decimal 1049)
   defining Unicode char U+041A (decimal 1050)
   defining Unicode char U+041B (decimal 1051)
   defining Unicode char U+041C (decimal 1052)
   defining Unicode char U+041D (decimal 1053)
   defining Unicode char U+041E (decimal 1054)
   defining Unicode char U+041F (decimal 1055)
   defining Unicode char U+0420 (decimal 1056)
   defining Unicode char U+0421 (decimal 1057)
   defining Unicode char U+0422 (decimal 1058)
   defining Unicode char U+0423 (decimal 1059)
   defining Unicode char U+0424 (decimal 1060)
   defining Unicode char U+0425 (decimal 1061)
   defining Unicode char U+0426 (decimal 1062)
   defining Unicode char U+0427 (decimal 1063)
   defining Unicode char U+0428 (decimal 1064)
   defining Unicode char U+0429 (decimal 1065)
   defining Unicode char U+042A (decimal 1066)
   defining Unicode char U+042B (decimal 1067)
   defining Unicode char U+042C (decimal 1068)
   defining Unicode char U+042D (decimal 1069)
   defining Unicode char U+042E (decimal 1070)
   defining Unicode char U+042F (decimal 1071)
   defining Unicode char U+0430 (decimal 1072)
   defining Unicode char U+0431 (decimal 1073)
   defining Unicode char U+0432 (decimal 1074)
   defining Unicode char U+0433 (decimal 1075)
   defining Unicode char U+0434 (decimal 1076)
   defining Unicode char U+0435 (decimal 1077)
   defining Unicode char U+0436 (decimal 1078)
   defining Unicode char U+0437 (decimal 1079)
   defining Unicode char U+0438 (decimal 1080)
   defining Unicode char U+0439 (decimal 1081)
   defining Unicode char U+043A (decimal 1082)
   defining Unicode char U+043B (decimal 1083)
   defining Unicode char U+043C (decimal 1084)
   defining Unicode char U+043D (decimal 1085)
   defining Unicode char U+043E (decimal 1086)
   defining Unicode char U+043F (decimal 1087)
   defining Unicode char U+0440 (decimal 1088)
   defining Unicode char U+0441 (decimal 1089)
   defining Unicode char U+0442 (decimal 1090)
   defining Unicode char U+0443 (decimal 1091)
   defining Unicode char U+0444 (decimal 1092)
   defining Unicode char U+0445 (decimal 1093)
   defining Unicode char U+0446 (decimal 1094)
   defining Unicode char U+0447 (decimal 1095)
   defining Unicode char U+0448 (decimal 1096)
   defining Unicode char U+0449 (decimal 1097)
   defining Unicode char U+044A (decimal 1098)
   defining Unicode char U+044B (decimal 1099)
   defining Unicode char U+044C (decimal 1100)
   defining Unicode char U+044D (decimal 1101)
   defining Unicode char U+044E (decimal 1102)
   defining Unicode char U+044F (decimal 1103)
   defining Unicode char U+0450 (decimal 1104)
   defining Unicode char U+0451 (decimal 1105)
   defining Unicode char U+0452 (decimal 1106)
   defining Unicode char U+0453 (decimal 1107)
   defining Unicode char U+0454 (decimal 1108)
   defining Unicode char U+0455 (decimal 1109)
   defining Unicode char U+0456 (decimal 1110)
   defining Unicode char U+0457 (decimal 1111)
   defining Unicode char U+0458 (decimal 1112)
   defining Unicode char U+0459 (decimal 1113)
   defining Unicode char U+045A (decimal 1114)
   defining Unicode char U+045B (decimal 1115)
   defining Unicode char U+045C (decimal 1116)
   defining Unicode char U+045D (decimal 1117)
   defining Unicode char U+045E (decimal 1118)
   defining Unicode char U+045F (decimal 1119)
   defining Unicode char U+0490 (decimal 1168)
   defining Unicode char U+0491 (decimal 1169)
   defining Unicode char U+0492 (decimal 1170)
   defining Unicode char U+0493 (decimal 1171)
   defining Unicode char U+0496 (decimal 1174)
   defining Unicode char U+0497 (decimal 1175)
   defining Unicode char U+0498 (decimal 1176)
   defining Unicode char U+0499 (decimal 1177)
   defining Unicode char U+049A (decimal 1178)
   defining Unicode char U+049B (decimal 1179)
   defining Unicode char U+049C (decimal 1180)
   defining Unicode char U+049D (decimal 1181)
   defining Unicode char U+04A0 (decimal 1184)
   defining Unicode char U+04A1 (decimal 1185)
   defining Unicode char U+04A2 (decimal 1186)
   defining Unicode char U+04A3 (decimal 1187)
   defining Unicode char U+04A4 (decimal 1188)
   defining Unicode char U+04A5 (decimal 1189)
   defining Unicode char U+04AA (decimal 1194)
   defining Unicode char U+04AB (decimal 1195)
   defining Unicode char U+04AE (decimal 1198)
   defining Unicode char U+04AF (decimal 1199)
   defining Unicode char U+04B0 (decimal 1200)
   defining Unicode char U+04B1 (decimal 1201)
   defining Unicode char U+04B2 (decimal 1202)
   defining Unicode char U+04B3 (decimal 1203)
   defining Unicode char U+04B6 (decimal 1206)
   defining Unicode char U+04B7 (decimal 1207)
   defining Unicode char U+04B8 (decimal 1208)
   defining Unicode char U+04B9 (decimal 1209)
   defining Unicode char U+04BA (decimal 1210)
   defining Unicode char U+04BB (decimal 1211)
   defining Unicode char U+04C0 (decimal 1216)
   defining Unicode char U+04C1 (decimal 1217)
   defining Unicode char U+04C2 (decimal 1218)
   defining Unicode char U+04D0 (decimal 1232)
   defining Unicode char U+04D1 (decimal 1233)
   defining Unicode char U+04D2 (decimal 1234)
   defining Unicode char U+04D3 (decimal 1235)
   defining Unicode char U+04D4 (decimal 1236)
   defining Unicode char U+04D5 (decimal 1237)
   defining Unicode char U+04D6 (decimal 1238)
   defining Unicode char U+04D7 (decimal 1239)
   defining Unicode char U+04D8 (decimal 1240)
   defining Unicode char U+04D9 (decimal 1241)
   defining Unicode char U+04DA (decimal 1242)
   defining Unicode char U+04DB (decimal 1243)
   defining Unicode char U+04DC (decimal 1244)
   defining Unicode char U+04DD (decimal 1245)
   defining Unicode char U+04DE (decimal 1246)
   defining Unicode char U+04DF (decimal 1247)
   defining Unicode char U+04E2 (decimal 1250)
   defining Unicode char U+04E3 (decimal 1251)
   defining Unicode char U+04E4 (decimal 1252)
   defining Unicode char U+04E5 (decimal 1253)
   defining Unicode char U+04E6 (decimal 1254)
   defining Unicode char U+04E7 (decimal 1255)
   defining Unicode char U+04E8 (decimal 1256)
   defining Unicode char U+04E9 (decimal 1257)
   defining Unicode char U+04EC (decimal 1260)
   defining Unicode char U+04ED (decimal 1261)
   defining Unicode char U+04EE (decimal 1262)
   defining Unicode char U+04EF (decimal 1263)
   defining Unicode char U+04F0 (decimal 1264)
   defining Unicode char U+04F1 (decimal 1265)
   defining Unicode char U+04F2 (decimal 1266)
   defining Unicode char U+04F3 (decimal 1267)
   defining Unicode char U+04F4 (decimal 1268)
   defining Unicode char U+04F5 (decimal 1269)
   defining Unicode char U+04F8 (decimal 1272)
   defining Unicode char U+04F9 (decimal 1273)
   defining Unicode char U+200C (decimal 8204)
   defining Unicode char U+2013 (decimal 8211)
   defining Unicode char U+2014 (decimal 8212)
   defining Unicode char U+2018 (decimal 8216)
   defining Unicode char U+2019 (decimal 8217)
   defining Unicode char U+201C (decimal 8220)
   defining Unicode char U+201D (decimal 8221)
   defining Unicode char U+201E (decimal 8222)
   defining Unicode char U+2030 (decimal 8240)
   defining Unicode char U+2031 (decimal 8241)
   defining Unicode char U+2116 (decimal 8470)
   defining Unicode char U+2329 (decimal 9001)
   defining Unicode char U+232A (decimal 9002)
   defining Unicode char U+2423 (decimal 9251)
   defining Unicode char U+27E8 (decimal 10216)
   defining Unicode char U+27E9 (decimal 10217)
   defining Unicode char U+FB00 (decimal 64256)
   defining Unicode char U+FB01 (decimal 64257)
   defining Unicode char U+FB02 (decimal 64258)
   defining Unicode char U+FB03 (decimal 64259)
   defining Unicode char U+FB04 (decimal 64260)
   defining Unicode char U+FB05 (decimal 64261)
   defining Unicode char U+FB06 (decimal 64262)
))
Package babel Info: Making " an active character on input line 124.
Package babel Info: Default for \cyrdash is provided on input line 163.
))
(/usr/share/texmf-dist/tex/latex/vmargin/vmargin.sty
Package: vmargin 2004/07/15 V2.5 set document margins (VK)

Package: vmargin 2004/07/15 V2.5 set document margins (VK)
\PaperWidth=\dimen141
\PaperHeight=\dimen142
) (/usr/share/texmf-dist/tex/latex/tools/indentfirst.sty
Package: indentfirst 1995/11/23 v1.03 Indent first paragraph (DPC)
)
(/usr/share/texmf-dist/tex/latex/graphics/graphicx.sty
Package: graphicx 2021/09/16 v1.2d Enhanced LaTeX Graphics (DPC,SPQR)

(/usr/share/texmf-dist/tex/latex/graphics/keyval.sty
Package: keyval 2014/10/28 v1.15 key=value parser (DPC)
\KV@toks@=\toks18
)
(/usr/share/texmf-dist/tex/latex/graphics/graphics.sty
Package: graphics 2021/03/04 v1.4d Standard LaTeX Graphics (DPC,SPQR)

(/usr/share/texmf-dist/tex/latex/graphics/trig.sty
Package: trig 2021/08/11 v1.11 sin cos tan (DPC)
)
(/usr/share/texmf-dist/tex/latex/graphics-cfg/graphics.cfg
File: graphics.cfg 2016/06/04 v1.11 sample graphics configuration
)
Package graphics Info: Driver file: pdftex.def on input line 107.

(/usr/share/texmf-dist/tex/latex/graphics-def/pdftex.def
File: pdftex.def 2020/10/05 v1.2a Graphics/color driver for pdftex
))
\Gin@req@height=\dimen143
\Gin@req@width=\dimen144
)
(/usr/share/texmf-dist/tex/latex/wrapfig/wrapfig.sty
\wrapoverhang=\dimen145
\WF@size=\dimen146
\c@WF@wrappedlines=\count196
\WF@box=\box50
\WF@everypar=\toks19
Package: wrapfig 2003/01/31  v 3.6
)
(/usr/share/texmf-dist/tex/latex/amsmath/amsmath.sty
Package: amsmath 2021/10/15 v2.17l AMS math features
\@mathmargin=\skip49

For additional information on amsmath, use the `?' option.
(/usr/share/texmf-dist/tex/latex/amsmath/amstext.sty
Package: amstext 2021/08/26 v2.01 AMS text

(/usr/share/texmf-dist/tex/latex/amsmath/amsgen.sty
File: amsgen.sty 1999/11/30 v2.0 generic functions
\@emptytoks=\toks20
\ex@=\dimen147
))
(/usr/share/texmf-dist/tex/latex/amsmath/amsbsy.sty
Package: amsbsy 1999/11/29 v1.2d Bold Symbols
\pmbraise@=\dimen148
)
(/usr/share/texmf-dist/tex/latex/amsmath/amsopn.sty
Package: amsopn 2021/08/26 v2.02 operator names
)
\inf@bad=\count197
LaTeX Info: Redefining \frac on input line 234.
\uproot@=\count198
\leftroot@=\count199
LaTeX Info: Redefining \overline on input line 399.
\classnum@=\count266
\DOTSCASE@=\count267
LaTeX Info: Redefining \ldots on input line 496.
LaTeX Info: Redefining \dots on input line 499.
LaTeX Info: Redefining \cdots on input line 620.
\Mathstrutbox@=\box51
\strutbox@=\box52
\big@size=\dimen149
LaTeX Font Info:    Redeclaring font encoding OML on input line 743.
LaTeX Font Info:    Redeclaring font encoding OMS on input line 744.
\macc@depth=\count268
\c@MaxMatrixCols=\count269
\dotsspace@=\muskip16
\c@parentequation=\count270
\dspbrk@lvl=\count271
\tag@help=\toks21
\row@=\count272
\column@=\count273
\maxfields@=\count274
\andhelp@=\toks22
\eqnshift@=\dimen150
\alignsep@=\dimen151
\tagshift@=\dimen152
\tagwidth@=\dimen153
\totwidth@=\dimen154
\lineht@=\dimen155
\@envbody=\toks23
\multlinegap=\skip50
\multlinetaggap=\skip51
\mathdisplay@stack=\toks24
LaTeX Info: Redefining \[ on input line 2938.
LaTeX Info: Redefining \] on input line 2939.
)
(/usr/share/texmf-dist/tex/latex/amsfonts/amsfonts.sty
Package: amsfonts 2013/01/14 v3.01 Basic AMSFonts support
\symAMSa=\mathgroup4
\symAMSb=\mathgroup5
LaTeX Font Info:    Redeclaring math symbol \hbar on input line 98.
LaTeX Font Info:    Overwriting math alphabet `\mathfrak' in version `bold'
(Font)                  U/euf/m/n --> U/euf/b/n on input line 106.
)
(/usr/share/texmf-dist/tex/latex/amsfonts/amssymb.sty
Package: amssymb 2013/01/14 v3.01 AMS font symbols
)
(/usr/share/texmf-dist/tex/latex/amscls/amsthm.sty
Package: amsthm 2020/05/29 v2.20.6
\thm@style=\toks25
\thm@bodyfont=\toks26
\thm@headfont=\toks27
\thm@notefont=\toks28
\thm@headpunct=\toks29
\thm@preskip=\skip52
\thm@postskip=\skip53
\thm@headsep=\skip54
\dth@everypar=\toks30
)
(/usr/share/texmf-dist/tex/latex/mathtools/mathtools.sty
Package: mathtools 2022/02/07 v1.28a mathematical typesetting tools

(/usr/share/texmf-dist/tex/latex/tools/calc.sty
Package: calc 2017/05/25 v4.3 Infix arithmetic (KKT,FJ)
\calc@Acount=\count275
\calc@Bcount=\count276
\calc@Adimen=\dimen156
\calc@Bdimen=\dimen157
\calc@Askip=\skip55
\calc@Bskip=\skip56
LaTeX Info: Redefining \setlength on input line 80.
LaTeX Info: Redefining \addtolength on input line 81.
\calc@Ccount=\count277
\calc@Cskip=\skip57
)
(/usr/share/texmf-dist/tex/latex/mathtools/mhsetup.sty
Package: mhsetup 2021/03/18 v1.4 programming setup (MH)
)
\g_MT_multlinerow_int=\count278
\l_MT_multwidth_dim=\dimen158
\origjot=\skip58
\l_MT_shortvdotswithinadjustabove_dim=\dimen159
\l_MT_shortvdotswithinadjustbelow_dim=\dimen160
\l_MT_above_intertext_sep=\dimen161
\l_MT_below_intertext_sep=\dimen162
\l_MT_above_shortintertext_sep=\dimen163
\l_MT_below_shortintertext_sep=\dimen164
\xmathstrut@box=\box53
\xmathstrut@dim=\dimen165
)
(/usr/share/texmf-dist/tex/latex/siunitx/siunitx.sty
Package: siunitx 2022-04-04 v3.0.50 A comprehensive (SI) units package
\l__siunitx_angle_tmp_dim=\dimen166
\l__siunitx_angle_marker_box=\box54
\l__siunitx_angle_unit_box=\box55
\l__siunitx_compound_count_int=\count279

(/usr/share/texmf-dist/tex/latex/translations/translations.sty
Package: translations 2022/02/05 v1.12 internationalization of LaTeX2e packages
 (CN)

(/usr/share/texmf-dist/tex/latex/etoolbox/etoolbox.sty
Package: etoolbox 2020/10/05 v2.5k e-TeX tools for LaTeX (JAW)
\etb@tempcnta=\count280
)
(/usr/share/texmf-dist/tex/generic/pdftexcmds/pdftexcmds.sty
Package: pdftexcmds 2020-06-27 v0.33 Utility functions of pdfTeX for LuaTeX (HO
)

(/usr/share/texmf-dist/tex/generic/infwarerr/infwarerr.sty
Package: infwarerr 2019/12/03 v1.5 Providing info/warning/error messages (HO)
)
(/usr/share/texmf-dist/tex/generic/iftex/iftex.sty
Package: iftex 2022/02/03 v1.0f TeX engine tests
)
(/usr/share/texmf-dist/tex/generic/ltxcmds/ltxcmds.sty
Package: ltxcmds 2020-05-10 v1.25 LaTeX kernel commands for general use (HO)
)
Package pdftexcmds Info: \pdf@primitive is available.
Package pdftexcmds Info: \pdf@ifprimitive is available.
Package pdftexcmds Info: \pdfdraftmode found.
))
\l__siunitx_number_exponent_fixed_int=\count281
\l__siunitx_number_min_decimal_int=\count282
\l__siunitx_number_min_integer_int=\count283
\l__siunitx_number_round_precision_int=\count284
\l__siunitx_number_group_minimum_int=\count285
\l__siunitx_table_tmp_box=\box56
\l__siunitx_table_tmp_dim=\dimen167
\l__siunitx_table_column_width_dim=\dimen168
\l__siunitx_table_integer_box=\box57
\l__siunitx_table_decimal_box=\box58
\l__siunitx_table_before_box=\box59
\l__siunitx_table_after_box=\box60
\l__siunitx_table_before_dim=\dimen169
\l__siunitx_table_carry_dim=\dimen170
\l__siunitx_unit_tmp_int=\count286
\l__siunitx_unit_position_int=\count287
\l__siunitx_unit_total_int=\count288

(/usr/share/texmf-dist/tex/latex/l3packages/l3keys2e/l3keys2e.sty
(/usr/share/texmf-dist/tex/latex/l3kernel/expl3.sty
Package: expl3 2022-04-10 L3 programming layer (loader) 

(/usr/share/texmf-dist/tex/latex/l3backend/l3backend-pdftex.def
File: l3backend-pdftex.def 2022-04-14 L3 backend support: PDF output (pdfTeX)
\l__color_backend_stack_int=\count289
\l__pdf_internal_box=\box61
))
Package: l3keys2e 2022-01-12 LaTeX2e option processing using LaTeX3 keys
)
(/usr/share/texmf-dist/tex/latex/tools/array.sty
Package: array 2021/10/04 v2.5f Tabular extension package (FMi)
\col@sep=\dimen171
\ar@mcellbox=\box62
\extrarowheight=\dimen172
\NC@list=\toks31
\extratabsurround=\skip59
\backup@length=\skip60
\ar@cellbox=\box63
))
(/usr/share/texmf-dist/tex/latex/physics/physics.sty
Package: physics 

(/usr/share/texmf-dist/tex/latex/l3packages/xparse/xparse.sty
Package: xparse 2022-01-12 L3 Experimental document command parser
))
(/usr/share/texmf-dist/tex/latex/hyperref/hyperref.sty
Package: hyperref 2022-02-21 v7.00n Hypertext links for LaTeX

(/usr/share/texmf-dist/tex/generic/kvsetkeys/kvsetkeys.sty
Package: kvsetkeys 2019/12/15 v1.18 Key value parser (HO)
)
(/usr/share/texmf-dist/tex/generic/kvdefinekeys/kvdefinekeys.sty
Package: kvdefinekeys 2019-12-19 v1.6 Define keys (HO)
)
(/usr/share/texmf-dist/tex/generic/pdfescape/pdfescape.sty
Package: pdfescape 2019/12/09 v1.15 Implements pdfTeX's escape features (HO)
)
(/usr/share/texmf-dist/tex/latex/hycolor/hycolor.sty
Package: hycolor 2020-01-27 v1.10 Color options for hyperref/bookmark (HO)
)
(/usr/share/texmf-dist/tex/latex/letltxmacro/letltxmacro.sty
Package: letltxmacro 2019/12/03 v1.6 Let assignment for LaTeX macros (HO)
)
(/usr/share/texmf-dist/tex/latex/auxhook/auxhook.sty
Package: auxhook 2019-12-17 v1.6 Hooks for auxiliary files (HO)
)
(/usr/share/texmf-dist/tex/latex/kvoptions/kvoptions.sty
Package: kvoptions 2020-10-07 v3.14 Key value format for package options (HO)
)
\@linkdim=\dimen173
\Hy@linkcounter=\count290
\Hy@pagecounter=\count291

(/usr/share/texmf-dist/tex/latex/hyperref/pd1enc.def
File: pd1enc.def 2022-02-21 v7.00n Hyperref: PDFDocEncoding definition (HO)
Now handling font encoding PD1 ...
... no UTF-8 mapping file for font encoding PD1
)
(/usr/share/texmf-dist/tex/generic/intcalc/intcalc.sty
Package: intcalc 2019/12/15 v1.3 Expandable calculations with integers (HO)
)
(/usr/share/texmf-dist/tex/generic/etexcmds/etexcmds.sty
Package: etexcmds 2019/12/15 v1.7 Avoid name clashes with e-TeX commands (HO)
)
\Hy@SavedSpaceFactor=\count292

(/usr/share/texmf-dist/tex/latex/hyperref/puenc.def
File: puenc.def 2022-02-21 v7.00n Hyperref: PDF Unicode definition (HO)
Now handling font encoding PU ...
... no UTF-8 mapping file for font encoding PU
)
Package hyperref Info: Option `final' set `true' on input line 4018.
Package hyperref Info: Hyper figures OFF on input line 4137.
Package hyperref Info: Link nesting OFF on input line 4142.
Package hyperref Info: Hyper index ON on input line 4145.
Package hyperref Info: Plain pages OFF on input line 4152.
Package hyperref Info: Backreferencing OFF on input line 4157.
Package hyperref Info: Implicit mode ON; LaTeX internals redefined.
Package hyperref Info: Bookmarks ON on input line 4390.
\c@Hy@tempcnt=\count293

(/usr/share/texmf-dist/tex/latex/url/url.sty
\Urlmuskip=\muskip17
Package: url 2013/09/16  ver 3.4  Verb mode for urls, etc.
)
LaTeX Info: Redefining \url on input line 4749.
\XeTeXLinkMargin=\dimen174

(/usr/share/texmf-dist/tex/generic/bitset/bitset.sty
Package: bitset 2019/12/09 v1.3 Handle bit-vector datatype (HO)

(/usr/share/texmf-dist/tex/generic/bigintcalc/bigintcalc.sty
Package: bigintcalc 2019/12/15 v1.5 Expandable calculations on big integers (HO
)
))
\Fld@menulength=\count294
\Field@Width=\dimen175
\Fld@charsize=\dimen176
Package hyperref Info: Hyper figures OFF on input line 6027.
Package hyperref Info: Link nesting OFF on input line 6032.
Package hyperref Info: Hyper index ON on input line 6035.
Package hyperref Info: backreferencing OFF on input line 6042.
Package hyperref Info: Link coloring OFF on input line 6047.
Package hyperref Info: Link coloring with OCG OFF on input line 6052.
Package hyperref Info: PDF/A mode OFF on input line 6057.
LaTeX Info: Redefining \ref on input line 6097.
LaTeX Info: Redefining \pageref on input line 6101.

(/usr/share/texmf-dist/tex/latex/base/atbegshi-ltx.sty
Package: atbegshi-ltx 2021/01/10 v1.0c Emulation of the original atbegshi
package with kernel methods
)
\Hy@abspage=\count295
\c@Item=\count296
\c@Hfootnote=\count297
)
Package hyperref Info: Driver (autodetected): hpdftex.

(/usr/share/texmf-dist/tex/latex/hyperref/hpdftex.def
File: hpdftex.def 2022-02-21 v7.00n Hyperref driver for pdfTeX

(/usr/share/texmf-dist/tex/latex/base/atveryend-ltx.sty
Package: atveryend-ltx 2020/08/19 v1.0a Emulation of the original atveryend pac
kage
with kernel methods
)
\Fld@listcount=\count298
\c@bookmark@seq@number=\count299

(/usr/share/texmf-dist/tex/latex/rerunfilecheck/rerunfilecheck.sty
Package: rerunfilecheck 2019/12/05 v1.9 Rerun checks for auxiliary files (HO)

(/usr/share/texmf-dist/tex/generic/uniquecounter/uniquecounter.sty
Package: uniquecounter 2019/12/15 v1.4 Provide unlimited unique counter (HO)
)
Package uniquecounter Info: New unique counter `rerunfilecheck' on input line 2
86.
)
\Hy@SectionHShift=\skip61
)
(/usr/share/texmf-dist/tex/latex/placeins/placeins.sty
Package: placeins 2005/04/18  v 2.2
)
(/usr/share/texmf-dist/tex/latex/cite/cite.sty
LaTeX Info: Redefining \cite on input line 302.
LaTeX Info: Redefining \nocite on input line 332.
Package: cite 2015/02/27  v 5.5
)
(/usr/share/texmf-dist/tex/latex/caption/caption.sty
Package: caption 2022/03/01 v3.6b Customizing captions (AR)

(/usr/share/texmf-dist/tex/latex/caption/caption3.sty
Package: caption3 2022/03/17 v2.3b caption3 kernel (AR)
\caption@tempdima=\dimen177
\captionmargin=\dimen178
\caption@leftmargin=\dimen179
\caption@rightmargin=\dimen180
\caption@width=\dimen181
\caption@indent=\dimen182
\caption@parindent=\dimen183
\caption@hangindent=\dimen184
Package caption Info: Standard document class detected.
)
\c@caption@flags=\count300
\c@continuedfloat=\count301
Package caption Info: hyperref package is loaded.
Package caption Info: wrapfig package is loaded.
) (./main.aux
LaTeX Font Info:    Trying to load font information for T2A+cmr on input line 2
2.

(/usr/share/texmf-dist/tex/latex/cyrillic/t2acmr.fd
File: t2acmr.fd 2001/08/11 v1.0a Computer Modern Cyrillic font definitions
))
\openout1 = `main.aux'.

LaTeX Font Info:    Checking defaults for OML/cmm/m/it on input line 53.
LaTeX Font Info:    ... okay on input line 53.
LaTeX Font Info:    Checking defaults for OMS/cmsy/m/n on input line 53.
LaTeX Font Info:    ... okay on input line 53.
LaTeX Font Info:    Checking defaults for OT1/cmr/m/n on input line 53.
LaTeX Font Info:    ... okay on input line 53.
LaTeX Font Info:    Checking defaults for T1/cmr/m/n on input line 53.
LaTeX Font Info:    ... okay on input line 53.
LaTeX Font Info:    Checking defaults for TS1/cmr/m/n on input line 53.
LaTeX Font Info:    ... okay on input line 53.
LaTeX Font Info:    Checking defaults for OMX/cmex/m/n on input line 53.
LaTeX Font Info:    ... okay on input line 53.
LaTeX Font Info:    Checking defaults for U/cmr/m/n on input line 53.
LaTeX Font Info:    ... okay on input line 53.
LaTeX Font Info:    Checking defaults for T2A/cmr/m/n on input line 53.
LaTeX Font Info:    ... okay on input line 53.
LaTeX Font Info:    Checking defaults for PD1/pdf/m/n on input line 53.
LaTeX Font Info:    ... okay on input line 53.
LaTeX Font Info:    Checking defaults for PU/pdf/m/n on input line 53.
LaTeX Font Info:    ... okay on input line 53.
LaTeX Info: Redefining \th on input line 53.

(/usr/share/texmf-dist/tex/context/base/mkii/supp-pdf.mkii
[Loading MPS to PDF converter (version 2006.09.02).]
\scratchcounter=\count302
\scratchdimen=\dimen185
\scratchbox=\box64
\nofMPsegments=\count303
\nofMParguments=\count304
\everyMPshowfont=\toks32
\MPscratchCnt=\count305
\MPscratchDim=\dimen186
\MPnumerator=\count306
\makeMPintoPDFobject=\count307
\everyMPtoPDFconversion=\toks33
) (/usr/share/texmf-dist/tex/latex/epstopdf-pkg/epstopdf-base.sty
Package: epstopdf-base 2020-01-24 v2.11 Base part for package epstopdf
Package epstopdf-base Info: Redefining graphics rule for `.eps' on input line 4
85.

(/usr/share/texmf-dist/tex/latex/latexconfig/epstopdf-sys.cfg
File: epstopdf-sys.cfg 2010/07/13 v1.3 Configuration of (r)epstopdf for TeX Liv
e
))
(/usr/share/texmf-dist/tex/latex/graphics/color.sty
Package: color 2021/12/07 v1.3c Standard LaTeX Color (DPC)

(/usr/share/texmf-dist/tex/latex/graphics-cfg/color.cfg
File: color.cfg 2016/01/02 v1.6 sample color configuration
)
Package color Info: Driver file: pdftex.def on input line 149.
)
Package translations Info: no dictionary file `translations-basic-dictionary-.t
rsl' found. on input line 53.
Package hyperref Info: Link coloring OFF on input line 53.

(/usr/share/texmf-dist/tex/latex/hyperref/nameref.sty
Package: nameref 2021-04-02 v2.47 Cross-referencing by name of section

(/usr/share/texmf-dist/tex/latex/refcount/refcount.sty
Package: refcount 2019/12/15 v3.6 Data extraction from label references (HO)
)
(/usr/share/texmf-dist/tex/generic/gettitlestring/gettitlestring.sty
Package: gettitlestring 2019/12/15 v1.6 Cleanup title references (HO)
)
\c@section@level=\count308
)
LaTeX Info: Redefining \ref on input line 53.
LaTeX Info: Redefining \pageref on input line 53.
LaTeX Info: Redefining \nameref on input line 53.

(./main.out) (./main.out)
\@outlinefile=\write3
\openout3 = `main.out'.

Package caption Info: Begin \AtBeginDocument code.
Package caption Info: End \AtBeginDocument code.
 [2

{/var/lib/texmf/fonts/map/pdftex/updmap/pdftex.map}] (./main.toc
LaTeX Font Info:    Trying to load font information for U+msa on input line 2.
 (/usr/share/texmf-dist/tex/latex/amsfonts/umsa.fd
File: umsa.fd 2013/01/14 v3.01 AMS symbols A
)
LaTeX Font Info:    Trying to load font information for U+msb on input line 2.

(/usr/share/texmf-dist/tex/latex/amsfonts/umsb.fd
File: umsb.fd 2013/01/14 v3.01 AMS symbols B
))
\tf@toc=\write4
\openout4 = `main.toc'.

 [3

] [4

]
<pic/miniature_chromatograph_scheme.png, id=135, 863.225pt x 861.2175pt>
File: pic/miniature_chromatograph_scheme.png Graphic file (type png)
<use pic/miniature_chromatograph_scheme.png>
Package pdftex.def Info: pic/miniature_chromatograph_scheme.png  used on input 
line 237.
(pdftex.def)             Requested size: 235.05533pt x 234.50299pt.
 [5]
<pic/example_of_diagnostic_device.png, id=158, 1403.2425pt x 450.68375pt>
File: pic/example_of_diagnostic_device.png Graphic file (type png)
<use pic/example_of_diagnostic_device.png>
Package pdftex.def Info: pic/example_of_diagnostic_device.png  used on input li
ne 280.
(pdftex.def)             Requested size: 423.09673pt x 135.88696pt.


LaTeX Warning: `h' float specifier changed to `ht'.

[6 <./pic/miniature_chromatograph_scheme.png>]
<pic/areas_of_application_of_biosensors.png, id=170, 704.6325pt x 714.67pt>
File: pic/areas_of_application_of_biosensors.png Graphic file (type png)
<use pic/areas_of_application_of_biosensors.png>
Package pdftex.def Info: pic/areas_of_application_of_biosensors.png  used on in
put line 308.
(pdftex.def)             Requested size: 282.06926pt x 286.08102pt.
<pic/spr_biosensor_principle.png, id=178, 1793.70125pt x 944.52875pt>
File: pic/spr_biosensor_principle.png Graphic file (type png)
<use pic/spr_biosensor_principle.png>
Package pdftex.def Info: pic/spr_biosensor_principle.png  used on input line 34
3.
(pdftex.def)             Requested size: 376.08997pt x 198.03981pt.
<pic/qcm_rus.png, id=181, 719.68875pt x 474.77374pt>
File: pic/qcm_rus.png Graphic file (type png)
<use pic/qcm_rus.png>
Package pdftex.def Info: pic/qcm_rus.png  used on input line 369.
(pdftex.def)             Requested size: 329.07603pt x 217.09456pt.
 [7 <./pic/example_of_diagnostic_device.png>] [8 <./pic/areas_of_application_of
_biosensors.png> <./pic/spr_biosensor_principle.png>]
<pic/fm_multiplex.jpg, id=205, 94.6737pt x 63.8385pt>
File: pic/fm_multiplex.jpg Graphic file (type jpg)
<use pic/fm_multiplex.jpg>
Package pdftex.def Info: pic/fm_multiplex.jpg  used on input line 410.
(pdftex.def)             Requested size: 329.07603pt x 221.936pt.
 [9 <./pic/qcm_rus.png>] [10 <./pic/fm_multiplex.jpg>]
[11] [12] [13] [14]
<pic/visc_diff_layers.png, id=300, 1858.945pt x 751.80875pt>
File: pic/visc_diff_layers.png Graphic file (type png)
<use pic/visc_diff_layers.png>
Package pdftex.def Info: pic/visc_diff_layers.png  used on input line 803.
(pdftex.def)             Requested size: 329.07603pt x 133.08275pt.
<pic/basis_functions_FEM_illustration1d.png, id=304, 350.05782pt x 289.83281pt>

File: pic/basis_functions_FEM_illustration1d.png Graphic file (type png)
<use pic/basis_functions_FEM_illustration1d.png>
Package pdftex.def Info: pic/basis_functions_FEM_illustration1d.png  used on in
put line 845.
(pdftex.def)             Requested size: 235.05533pt x 194.62036pt.
 [15 <./pic/visc_diff_layers.png>] [16 <./pic/basis_functions_FEM_illustration1
d.png>] [17]
<pic/FULLTEXT_inverse_example.png, id=354, 1879.02pt x 908.39375pt>
File: pic/FULLTEXT_inverse_example.png Graphic file (type png)
<use pic/FULLTEXT_inverse_example.png>
Package pdftex.def Info: pic/FULLTEXT_inverse_example.png  used on input line 1
011.
(pdftex.def)             Requested size: 376.08997pt x 181.81413pt.
<pic/flat_illustration.png, id=357, 210.0648pt x 158.5122pt>
File: pic/flat_illustration.png Graphic file (type png)
<use pic/flat_illustration.png>
Package pdftex.def Info: pic/flat_illustration.png  used on input line 1040.
(pdftex.def)             Requested size: 188.0414pt x 141.89293pt.


LaTeX Warning: `h' float specifier changed to `ht'.

[18 <./pic/FULLTEXT_inverse_example.png>] [19 <./pic/flat_illustration.png>]
<pic/flat_wide_onecomp_onedim_ref_probe.png, id=386, 1027.84pt x 1027.84pt>
File: pic/flat_wide_onecomp_onedim_ref_probe.png Graphic file (type png)
<use pic/flat_wide_onecomp_onedim_ref_probe.png>
Package pdftex.def Info: pic/flat_wide_onecomp_onedim_ref_probe.png  used on in
put line 1144.
(pdftex.def)             Requested size: 235.05533pt x 235.04944pt.
<pic/flat_wide_onecomp_onedim_dil10_probe.png, id=387, 1027.84pt x 1027.84pt>
File: pic/flat_wide_onecomp_onedim_dil10_probe.png Graphic file (type png)
<use pic/flat_wide_onecomp_onedim_dil10_probe.png>
Package pdftex.def Info: pic/flat_wide_onecomp_onedim_dil10_probe.png  used on 
input line 1145.
(pdftex.def)             Requested size: 235.05533pt x 235.04944pt.
<pic/flat_wide_onecomp_onedim_ref_distrib.png, id=388, 1027.84pt x 1027.84pt>
File: pic/flat_wide_onecomp_onedim_ref_distrib.png Graphic file (type png)
<use pic/flat_wide_onecomp_onedim_ref_distrib.png>
Package pdftex.def Info: pic/flat_wide_onecomp_onedim_ref_distrib.png  used on 
input line 1147.
(pdftex.def)             Requested size: 235.05533pt x 235.04944pt.
<pic/flat_wide_onecomp_onedim_dil10_distrib.png, id=389, 1027.84pt x 1027.84pt>

File: pic/flat_wide_onecomp_onedim_dil10_distrib.png Graphic file (type png)
<use pic/flat_wide_onecomp_onedim_dil10_distrib.png>
Package pdftex.def Info: pic/flat_wide_onecomp_onedim_dil10_distrib.png  used o
n input line 1148.
(pdftex.def)             Requested size: 235.05533pt x 235.04944pt.
<pic/flat_wide_two_bulk_paramsweep_3.png, id=391, 1485.55pt x 1128.215pt>
File: pic/flat_wide_two_bulk_paramsweep_3.png Graphic file (type png)
<use pic/flat_wide_two_bulk_paramsweep_3.png>
Package pdftex.def Info: pic/flat_wide_two_bulk_paramsweep_3.png  used on input
 line 1177.
(pdftex.def)             Requested size: 282.06926pt x 214.20815pt.
<pic/flat_wide_two_bulk_paramsweep_4.png, id=392, 1485.55pt x 1128.215pt>
File: pic/flat_wide_two_bulk_paramsweep_4.png Graphic file (type png)
<use pic/flat_wide_two_bulk_paramsweep_4.png>
Package pdftex.def Info: pic/flat_wide_two_bulk_paramsweep_4.png  used on input
 line 1178.
(pdftex.def)             Requested size: 282.06926pt x 214.20815pt.
<pic/flat_wide_onecomp_plate_concentration_140s.png, id=398, 829.59938pt x 477.
28313pt>
File: pic/flat_wide_onecomp_plate_concentration_140s.png Graphic file (type png
)
<use pic/flat_wide_onecomp_plate_concentration_140s.png>
Package pdftex.def Info: pic/flat_wide_onecomp_plate_concentration_140s.png  us
ed on input line 1223.
(pdftex.def)             Requested size: 235.05533pt x 135.226pt.
<pic/flat_wide_onecomp_plate_concentration_350s.png, id=399, 829.59938pt x 477.
28313pt>
File: pic/flat_wide_onecomp_plate_concentration_350s.png Graphic file (type png
)
<use pic/flat_wide_onecomp_plate_concentration_350s.png>
Package pdftex.def Info: pic/flat_wide_onecomp_plate_concentration_350s.png  us
ed on input line 1224.
(pdftex.def)             Requested size: 235.05533pt x 135.226pt.
<pic/flat_wide_onecomp_plate_velocity.png, id=400, 829.59938pt x 477.28313pt>
File: pic/flat_wide_onecomp_plate_velocity.png Graphic file (type png)
<use pic/flat_wide_onecomp_plate_velocity.png>
Package pdftex.def Info: pic/flat_wide_onecomp_plate_velocity.png  used on inpu
t line 1226.
(pdftex.def)             Requested size: 282.06926pt x 162.27411pt.

[20] [21 <./pic/flat_wide_onecomp_onedim_ref_probe.png (PNG copy)> <./pic/flat_
wide_onecomp_onedim_dil10_probe.png (PNG copy)> <./pic/flat_wide_onecomp_onedim
_ref_distrib.png (PNG copy)> <./pic/flat_wide_onecomp_onedim_dil10_distrib.png 
(PNG copy)>] [22 <./pic/flat_wide_two_bulk_paramsweep_3.png (PNG copy)> <./pic/
flat_wide_two_bulk_paramsweep_4.png (PNG copy)>] [23 <./pic/flat_wide_onecomp_p
late_concentration_140s.png (PNG copy)> <./pic/flat_wide_onecomp_plate_concentr
ation_350s.png (PNG copy)> <./pic/flat_wide_onecomp_plate_velocity.png (PNG cop
y)>]
<pic/flat_wide_onecomp_streptalphas.png, id=429, 1485.55pt x 1128.215pt>
File: pic/flat_wide_onecomp_streptalphas.png Graphic file (type png)
<use pic/flat_wide_onecomp_streptalphas.png>
Package pdftex.def Info: pic/flat_wide_onecomp_streptalphas.png  used on input 
line 1250.
(pdftex.def)             Requested size: 329.07603pt x 249.91237pt.
 [24 <./pic/flat_wide_onecomp_streptalphas.png (PNG copy)>]
<pic/wide_two_surf_ramp.png, id=444, 829.59938pt x 477.28313pt>
File: pic/wide_two_surf_ramp.png Graphic file (type png)
<use pic/wide_two_surf_ramp.png>
Package pdftex.def Info: pic/wide_two_surf_ramp.png  used on input line 1313.
(pdftex.def)             Requested size: 329.07603pt x 189.32222pt.
<pic/flat_wide_twosurf_example.png, id=446, 1485.55pt x 1128.215pt>
File: pic/flat_wide_twosurf_example.png Graphic file (type png)
<use pic/flat_wide_twosurf_example.png>
Package pdftex.def Info: pic/flat_wide_twosurf_example.png  used on input line 
1333.
(pdftex.def)             Requested size: 329.07603pt x 249.91237pt.
<pic/flat_wide_twosurf_fracs_a_sum.png, id=448, 1485.55pt x 1128.215pt>
File: pic/flat_wide_twosurf_fracs_a_sum.png Graphic file (type png)
<use pic/flat_wide_twosurf_fracs_a_sum.png>
Package pdftex.def Info: pic/flat_wide_twosurf_fracs_a_sum.png  used on input l
ine 1361.
(pdftex.def)             Requested size: 329.07603pt x 249.91237pt.
 [25 <./pic/wide_two_surf_ramp.png (PNG copy)>] [26 <./pic/flat_wide_twosurf_ex
ample.png (PNG copy)> <./pic/flat_wide_twosurf_fracs_a_sum.png (PNG copy)>]
<pic/flat_wide_twosurf_veldistrib.png, id=465, 829.59938pt x 462.97969pt>
File: pic/flat_wide_twosurf_veldistrib.png Graphic file (type png)
<use pic/flat_wide_twosurf_veldistrib.png>
Package pdftex.def Info: pic/flat_wide_twosurf_veldistrib.png  used on input li
ne 1399.
(pdftex.def)             Requested size: 282.06926pt x 157.411pt.
<pic/flat_wide_twosurf_11s.png, id=466, 829.59938pt x 462.97969pt>
File: pic/flat_wide_twosurf_11s.png Graphic file (type png)
<use pic/flat_wide_twosurf_11s.png>
Package pdftex.def Info: pic/flat_wide_twosurf_11s.png  used on input line 1412
.
(pdftex.def)             Requested size: 235.05533pt x 131.17348pt.
<pic/flat_wide_twosurf_800s.png, id=467, 829.59938pt x 462.97969pt>
File: pic/flat_wide_twosurf_800s.png Graphic file (type png)
<use pic/flat_wide_twosurf_800s.png>
Package pdftex.def Info: pic/flat_wide_twosurf_800s.png  used on input line 141
3.
(pdftex.def)             Requested size: 235.05533pt x 131.17348pt.
<pic/flat_wide_twosurf_999s.png, id=468, 829.59938pt x 462.97969pt>
File: pic/flat_wide_twosurf_999s.png Graphic file (type png)
<use pic/flat_wide_twosurf_999s.png>
Package pdftex.def Info: pic/flat_wide_twosurf_999s.png  used on input line 141
5.
(pdftex.def)             Requested size: 235.05533pt x 131.17348pt.
<pic/flat_wide_twosurf_1200s.png, id=469, 829.59938pt x 462.97969pt>
File: pic/flat_wide_twosurf_1200s.png Graphic file (type png)
<use pic/flat_wide_twosurf_1200s.png>
Package pdftex.def Info: pic/flat_wide_twosurf_1200s.png  used on input line 14
16.
(pdftex.def)             Requested size: 235.05533pt x 131.17348pt.
<pic/flat_wide_twosurf_plane_abs.png, id=471, 1027.84pt x 1027.84pt>
File: pic/flat_wide_twosurf_plane_abs.png Graphic file (type png)
<use pic/flat_wide_twosurf_plane_abs.png>
Package pdftex.def Info: pic/flat_wide_twosurf_plane_abs.png  used on input lin
e 1435.
(pdftex.def)             Requested size: 235.05533pt x 235.04944pt.
<pic/flat_wide_twosurf_onedim_abs.png, id=472, 1027.84pt x 1027.84pt>
File: pic/flat_wide_twosurf_onedim_abs.png Graphic file (type png)
<use pic/flat_wide_twosurf_onedim_abs.png>
Package pdftex.def Info: pic/flat_wide_twosurf_onedim_abs.png  used on input li
ne 1436.
(pdftex.def)             Requested size: 235.05533pt x 235.04944pt.
<pic/flat_wide_twosurf_sum_betas.png, id=474, 2188.175pt x 1128.215pt>
File: pic/flat_wide_twosurf_sum_betas.png Graphic file (type png)
<use pic/flat_wide_twosurf_sum_betas.png>
Package pdftex.def Info: pic/flat_wide_twosurf_sum_betas.png  used on input lin
e 1462.
(pdftex.def)             Requested size: 376.08997pt x 193.91147pt.
<pic/flat_wide_twosurf_a_betas.png, id=475, 2188.175pt x 1128.215pt>
File: pic/flat_wide_twosurf_a_betas.png Graphic file (type png)
<use pic/flat_wide_twosurf_a_betas.png>
Package pdftex.def Info: pic/flat_wide_twosurf_a_betas.png  used on input line 
1463.
(pdftex.def)             Requested size: 376.08997pt x 193.91147pt.
<pic/flat_wide_twosurf_b_betas.png, id=476, 2188.175pt x 1128.215pt>
File: pic/flat_wide_twosurf_b_betas.png Graphic file (type png)
<use pic/flat_wide_twosurf_b_betas.png>
Package pdftex.def Info: pic/flat_wide_twosurf_b_betas.png  used on input line 
1464.
(pdftex.def)             Requested size: 376.08997pt x 193.91147pt.
 [27 <./pic/flat_wide_twosurf_veldistrib.png (PNG copy)>] [28 <./pic/flat_wide_
twosurf_11s.png (PNG copy)> <./pic/flat_wide_twosurf_800s.png (PNG copy)> <./pi
c/flat_wide_twosurf_999s.png (PNG copy)> <./pic/flat_wide_twosurf_1200s.png (PN
G copy)> <./pic/flat_wide_twosurf_plane_abs.png (PNG copy)> <./pic/flat_wide_tw
osurf_onedim_abs.png (PNG copy)>] [29 <./pic/flat_wide_twosurf_sum_betas.png (P
NG copy)> <./pic/flat_wide_twosurf_a_betas.png (PNG copy)> <./pic/flat_wide_two
surf_b_betas.png (PNG copy)>]
<pic/flat_narrow_plate_veldistrib.png, id=499, 829.59938pt x 477.28313pt>
File: pic/flat_narrow_plate_veldistrib.png Graphic file (type png)
<use pic/flat_narrow_plate_veldistrib.png>
Package pdftex.def Info: pic/flat_narrow_plate_veldistrib.png  used on input li
ne 1509.
(pdftex.def)             Requested size: 282.06926pt x 162.27411pt.
<pic/flat_narrow_plate_20s.png, id=500, 829.59938pt x 477.28313pt>
File: pic/flat_narrow_plate_20s.png Graphic file (type png)
<use pic/flat_narrow_plate_20s.png>
Package pdftex.def Info: pic/flat_narrow_plate_20s.png  used on input line 1521
.
(pdftex.def)             Requested size: 282.06926pt x 162.27411pt.
<pic/flat_narrow_plate_50s.png, id=501, 829.59938pt x 477.28313pt>
File: pic/flat_narrow_plate_50s.png Graphic file (type png)
<use pic/flat_narrow_plate_50s.png>
Package pdftex.def Info: pic/flat_narrow_plate_50s.png  used on input line 1523
.
(pdftex.def)             Requested size: 282.06926pt x 162.27411pt.
<pic/flat_narrow_plate_100s.png, id=502, 829.59938pt x 477.28313pt>
File: pic/flat_narrow_plate_100s.png Graphic file (type png)
<use pic/flat_narrow_plate_100s.png>
Package pdftex.def Info: pic/flat_narrow_plate_100s.png  used on input line 152
5.
(pdftex.def)             Requested size: 282.06926pt x 162.27411pt.
<pic/beta_found_6_1.png, id=508, 1027.84pt x 1027.84pt>
File: pic/beta_found_6_1.png Graphic file (type png)
<use pic/beta_found_6_1.png>
Package pdftex.def Info: pic/beta_found_6_1.png  used on input line 1550.
(pdftex.def)             Requested size: 155.13737pt x 155.12604pt.
<pic/beta_found_6_2.png, id=509, 1027.84pt x 1027.84pt>
File: pic/beta_found_6_2.png Graphic file (type png)
<use pic/beta_found_6_2.png>
Package pdftex.def Info: pic/beta_found_6_2.png  used on input line 1551.
(pdftex.def)             Requested size: 155.13737pt x 155.12604pt.
<pic/beta_found_5_1.png, id=510, 1027.84pt x 1027.84pt>
File: pic/beta_found_5_1.png Graphic file (type png)
<use pic/beta_found_5_1.png>
Package pdftex.def Info: pic/beta_found_5_1.png  used on input line 1553.
(pdftex.def)             Requested size: 155.13737pt x 155.12604pt.
<pic/beta_found_5_2.png, id=511, 1027.84pt x 1027.84pt>
File: pic/beta_found_5_2.png Graphic file (type png)
<use pic/beta_found_5_2.png>
Package pdftex.def Info: pic/beta_found_5_2.png  used on input line 1554.
(pdftex.def)             Requested size: 155.13737pt x 155.12604pt.
<pic/beta_found_5_3.png, id=512, 1027.84pt x 1027.84pt>
File: pic/beta_found_5_3.png Graphic file (type png)
<use pic/beta_found_5_3.png>
Package pdftex.def Info: pic/beta_found_5_3.png  used on input line 1555.
(pdftex.def)             Requested size: 155.13737pt x 155.12604pt.
<pic/beta_found_4_2.png, id=513, 1027.84pt x 1027.84pt>
File: pic/beta_found_4_2.png Graphic file (type png)
<use pic/beta_found_4_2.png>
Package pdftex.def Info: pic/beta_found_4_2.png  used on input line 1557.
(pdftex.def)             Requested size: 155.13737pt x 155.12604pt.
<pic/beta_found_4_3.png, id=514, 1027.84pt x 1027.84pt>
File: pic/beta_found_4_3.png Graphic file (type png)
<use pic/beta_found_4_3.png>
Package pdftex.def Info: pic/beta_found_4_3.png  used on input line 1558.
(pdftex.def)             Requested size: 155.13737pt x 155.12604pt.
<pic/beta_found_4_4.png, id=515, 1027.84pt x 1027.84pt>
File: pic/beta_found_4_4.png Graphic file (type png)
<use pic/beta_found_4_4.png>
Package pdftex.def Info: pic/beta_found_4_4.png  used on input line 1559.
(pdftex.def)             Requested size: 155.13737pt x 155.12604pt.
<pic/beta_found_3_3.png, id=516, 1027.84pt x 1027.84pt>
File: pic/beta_found_3_3.png Graphic file (type png)
<use pic/beta_found_3_3.png>
Package pdftex.def Info: pic/beta_found_3_3.png  used on input line 1561.
(pdftex.def)             Requested size: 155.13737pt x 155.12604pt.
<pic/beta_found_3_4.png, id=517, 1027.84pt x 1027.84pt>
File: pic/beta_found_3_4.png Graphic file (type png)
<use pic/beta_found_3_4.png>
Package pdftex.def Info: pic/beta_found_3_4.png  used on input line 1562.
(pdftex.def)             Requested size: 155.13737pt x 155.12604pt.
 [30 <./pic/flat_narrow_plate_veldistrib.png (PNG copy)>] [31 <./pic/flat_narro
w_plate_20s.png (PNG copy)> <./pic/flat_narrow_plate_50s.png (PNG copy)> <./pic
/flat_narrow_plate_100s.png (PNG copy)>] [32 <./pic/beta_found_6_1.png (PNG cop
y)> <./pic/beta_found_6_2.png (PNG copy)> <./pic/beta_found_5_1.png (PNG copy)>
 <./pic/beta_found_5_2.png (PNG copy)> <./pic/beta_found_5_3.png (PNG copy)> <.
/pic/beta_found_4_2.png (PNG copy)> <./pic/beta_found_4_3.png (PNG copy)> <./pi
c/beta_found_4_4.png (PNG copy)> <./pic/beta_found_3_3.png (PNG copy)> <./pic/b
eta_found_3_4.png (PNG copy)>]
<pic/flat_narrow_beta_height.png, id=540, 1686.3pt x 1204.5pt>
File: pic/flat_narrow_beta_height.png Graphic file (type png)
<use pic/flat_narrow_beta_height.png>
Package pdftex.def Info: pic/flat_narrow_beta_height.png  used on input line 15
99.
(pdftex.def)             Requested size: 376.08997pt x 268.6299pt.
<pic/sphere_stationary_dil100_390s_3d.png, id=545, 550.30594pt x 477.28313pt>
File: pic/sphere_stationary_dil100_390s_3d.png Graphic file (type png)
<use pic/sphere_stationary_dil100_390s_3d.png>
Package pdftex.def Info: pic/sphere_stationary_dil100_390s_3d.png  used on inpu
t line 1646.
(pdftex.def)             Requested size: 235.05533pt x 203.86586pt.
<pic/sphere_stationary_dil100_390s_3d_close.png, id=546, 550.30594pt x 477.2831
3pt>
File: pic/sphere_stationary_dil100_390s_3d_close.png Graphic file (type png)
<use pic/sphere_stationary_dil100_390s_3d_close.png>
Package pdftex.def Info: pic/sphere_stationary_dil100_390s_3d_close.png  used o
n input line 1647.
(pdftex.def)             Requested size: 235.05533pt x 203.86586pt.
<pic/sphere_stationary_dil100_390s_2d.png, id=547, 550.30594pt x 477.28313pt>
File: pic/sphere_stationary_dil100_390s_2d.png Graphic file (type png)
<use pic/sphere_stationary_dil100_390s_2d.png>
Package pdftex.def Info: pic/sphere_stationary_dil100_390s_2d.png  used on inpu
t line 1649.
(pdftex.def)             Requested size: 282.06926pt x 244.64923pt.
 [33 <./pic/flat_narrow_beta_height.png (PNG copy)>] [34 <./pic/sphere_stationa
ry_dil100_390s_3d.png (PNG copy)> <./pic/sphere_stationary_dil100_390s_3d_close
.png (PNG copy)> <./pic/sphere_stationary_dil100_390s_2d.png (PNG copy)>]
<pic/sphere_stationary_dil10_probe.png, id=562, 1027.84pt x 1027.84pt>
File: pic/sphere_stationary_dil10_probe.png Graphic file (type png)
<use pic/sphere_stationary_dil10_probe.png>
Package pdftex.def Info: pic/sphere_stationary_dil10_probe.png  used on input l
ine 1687.
(pdftex.def)             Requested size: 235.05533pt x 235.04944pt.
<pic/sphere_stationary_dil100_probe.png, id=563, 1027.84pt x 1027.84pt>
File: pic/sphere_stationary_dil100_probe.png Graphic file (type png)
<use pic/sphere_stationary_dil100_probe.png>
Package pdftex.def Info: pic/sphere_stationary_dil100_probe.png  used on input 
line 1688.
(pdftex.def)             Requested size: 235.05533pt x 235.04944pt.
<pic/sphere_stationary_big_small.png, id=565, 1429.34pt x 1027.84pt>
File: pic/sphere_stationary_big_small.png Graphic file (type png)
<use pic/sphere_stationary_big_small.png>
Package pdftex.def Info: pic/sphere_stationary_big_small.png  used on input lin
e 1711.
(pdftex.def)             Requested size: 329.07603pt x 236.63348pt.
 [35 <./pic/sphere_stationary_dil10_probe.png (PNG copy)> <./pic/sphere_station
ary_dil100_probe.png (PNG copy)>]
<pic/sphere_flow_dil100_20s_3d_concentration.png, id=574, 550.30594pt x 477.283
13pt>
File: pic/sphere_flow_dil100_20s_3d_concentration.png Graphic file (type png)
<use pic/sphere_flow_dil100_20s_3d_concentration.png>
Package pdftex.def Info: pic/sphere_flow_dil100_20s_3d_concentration.png  used 
on input line 1744.
(pdftex.def)             Requested size: 235.05533pt x 203.86586pt.
<pic/sphere_flow_dil100_20s_2d_concentration.png, id=575, 550.30594pt x 477.283
13pt>
File: pic/sphere_flow_dil100_20s_2d_concentration.png Graphic file (type png)
<use pic/sphere_flow_dil100_20s_2d_concentration.png>
Package pdftex.def Info: pic/sphere_flow_dil100_20s_2d_concentration.png  used 
on input line 1745.
(pdftex.def)             Requested size: 235.05533pt x 203.86586pt.
<pic/sphere_flow_dil100_2d_velocity.png, id=576, 550.30594pt x 477.28313pt>
File: pic/sphere_flow_dil100_2d_velocity.png Graphic file (type png)
<use pic/sphere_flow_dil100_2d_velocity.png>
Package pdftex.def Info: pic/sphere_flow_dil100_2d_velocity.png  used on input 
line 1747.
(pdftex.def)             Requested size: 282.06926pt x 244.64923pt.
<pic/sphere_flow_dil100_probe.png, id=578, 1027.84pt x 1027.84pt>
File: pic/sphere_flow_dil100_probe.png Graphic file (type png)
<use pic/sphere_flow_dil100_probe.png>
Package pdftex.def Info: pic/sphere_flow_dil100_probe.png  used on input line 1
775.
(pdftex.def)             Requested size: 235.05533pt x 235.04944pt.
<pic/sphere_flow_dil100_fast_probe.png, id=579, 1027.84pt x 1027.84pt>
File: pic/sphere_flow_dil100_fast_probe.png Graphic file (type png)
<use pic/sphere_flow_dil100_fast_probe.png>
Package pdftex.def Info: pic/sphere_flow_dil100_fast_probe.png  used on input l
ine 1776.
(pdftex.def)             Requested size: 235.05533pt x 235.04944pt.
 [36 <./pic/sphere_stationary_big_small.png (PNG copy)>] [37 <./pic/sphere_flow
_dil100_20s_3d_concentration.png (PNG copy)> <./pic/sphere_flow_dil100_20s_2d_c
oncentration.png (PNG copy)> <./pic/sphere_flow_dil100_2d_velocity.png (PNG cop
y)>]
Underfull \hbox (badness 1348) in paragraph at lines 1808--1815
[]\T2A/cmr/m/n/12  - -- -- COMSOL Multiphysics\TS1/cmr/m
/n/12  \T2A/cmr/m/n/12 - --- --
 []

[38 <./pic/sphere_flow_dil100_probe.png (PNG copy)> <./pic/sphere_flow_dil100_f
ast_probe.png (PNG copy)>] (./main.bbl [39]
Underfull \hbox (badness 4686) in paragraph at lines 4--8
[]\T2A/cmr/m/n/12 Adelina-Gabriela Niculescu, Cristina Chircov, Alexandra C^^Ha
t^^Halina B^^B^^Yrc^^Ha, and
 []


Underfull \hbox (badness 10000) in paragraph at lines 54--61
\T2A/cmr/m/it/12 Essays Biochem\T2A/cmr/m/n/12 , 60(1):1--8, 06 2016.  [PubMed 
Central:[]PMC4986445[]]
 []

[40

]
Underfull \hbox (badness 1622) in paragraph at lines 184--189
[]\T2A/cmr/m/n/12 Victor Isakov.  \T2A/cmr/m/it/12 Inverse Problems for Partial
 Differential Equations\T2A/cmr/m/n/12 .  Applied
 []

[41]) [42] (./main.aux)
Package rerunfilecheck Info: File `main.out' has not changed.
(rerunfilecheck)             Checksum: 972032CC1E7EC48B6F40B3F03460236E;5681.
 ) 
Here is how much of TeX's memory you used:
 18758 strings out of 478238
 349152 string characters out of 5850456
 631261 words of memory out of 5000000
 36497 multiletter control sequences out of 15000+600000
 485982 words of font info for 67 fonts, out of 8000000 for 9000
 1141 hyphenation exceptions out of 8191
 74i,14n,79p,962b,885s stack positions out of 5000i,500n,10000p,200000b,80000s
{/usr/share/texmf-dist/fonts/enc/dvips/cm-super/cm-super-t2a.enc}{/usr/share/
texmf-dist/fonts/enc/dvips/cm-super/cm-super-ts1.enc}</usr/share/texmf-dist/fon
ts/type1/public/amsfonts/cm/cmbsy10.pfb></usr/share/texmf-dist/fonts/type1/publ
ic/amsfonts/cm/cmbx12.pfb></usr/share/texmf-dist/fonts/type1/public/amsfonts/cm
/cmex10.pfb></usr/share/texmf-dist/fonts/type1/public/amsfonts/cm/cmmi12.pfb></
usr/share/texmf-dist/fonts/type1/public/amsfonts/cm/cmmi6.pfb></usr/share/texmf
-dist/fonts/type1/public/amsfonts/cm/cmmi8.pfb></usr/share/texmf-dist/fonts/typ
e1/public/amsfonts/cm/cmr12.pfb></usr/share/texmf-dist/fonts/type1/public/amsfo
nts/cm/cmr6.pfb></usr/share/texmf-dist/fonts/type1/public/amsfonts/cm/cmr8.pfb>
</usr/share/texmf-dist/fonts/type1/public/amsfonts/cm/cmsy10.pfb></usr/share/te
xmf-dist/fonts/type1/public/amsfonts/cm/cmsy8.pfb></usr/share/texmf-dist/fonts/
type1/public/amsfonts/symbols/msam10.pfb></usr/share/texmf-dist/fonts/type1/pub
lic/amsfonts/symbols/msbm10.pfb></usr/share/texmf-dist/fonts/type1/public/cm-su
per/sfbx1200.pfb></usr/share/texmf-dist/fonts/type1/public/cm-super/sfbx1440.pf
b></usr/share/texmf-dist/fonts/type1/public/cm-super/sfbx1728.pfb></usr/share/t
exmf-dist/fonts/type1/public/cm-super/sfbx2488.pfb></usr/share/texmf-dist/fonts
/type1/public/cm-super/sfrm0800.pfb></usr/share/texmf-dist/fonts/type1/public/c
m-super/sfrm1200.pfb></usr/share/texmf-dist/fonts/type1/public/cm-super/sfti120
0.pfb>
Output written on main.pdf (41 pages, 6698928 bytes).
PDF statistics:
 776 PDF objects out of 1000 (max. 8388607)
 616 compressed objects within 7 object streams
 205 named destinations out of 1000 (max. 500000)
 440 words of extra memory for PDF output out of 10000 (max. 10000000)

